2026-05-25 17:30:02,746 | INFO    | Started server process [9]
2026-05-25 17:30:02,747 | INFO    | Waiting for application startup.
2026-05-25 17:30:02,749 | INFO    | Helpdesk Lite v0.3.0 started
2026-05-25 17:30:02,750 | INFO    | Application startup complete.
2026-05-25 17:30:02,751 | INFO    | Uvicorn running on http://0.0.0.0:8000 (Press CTRL+C to quit)
2026-05-25 17:30:05,301 | INFO    | GET     /events                                  200 [1ms]
2026-05-25 17:30:43,646 | INFO    | Started server process [9]
2026-05-25 17:30:43,647 | INFO    | Waiting for application startup.
2026-05-25 17:30:43,649 | INFO    | Helpdesk Lite v0.3.0 started
2026-05-25 17:30:43,651 | INFO    | Application startup complete.
2026-05-25 17:30:43,653 | INFO    | Uvicorn running on http://0.0.0.0:8000 (Press CTRL+C to quit)
2026-05-25 17:30:45,234 | INFO    | GET     /events                                  200 [2ms]
2026-05-25 17:30:47,290 | INFO    | GET     /events                                  200 [1ms]
2026-05-25 17:30:47,358 | INFO    | GET     /categories/                             200 [33ms]
2026-05-25 17:30:47,403 | INFO    | GET     /tickets/                                200 [29ms]
2026-05-25 17:30:48,822 | INFO    | GET     /feed                                    200 [18ms]
2026-05-25 17:30:49,455 | INFO    | GET     /categories/                             200 [4ms]
2026-05-25 17:30:49,473 | INFO    | GET     /tickets/                                200 [6ms]
2026-05-25 17:30:51,546 | INFO    | GET     /categories/                             200 [4ms]
2026-05-25 17:30:51,562 | INFO    | GET     /tickets/                                200 [5ms]
2026-05-25 17:39:31,921 | INFO    | GET     /events                                  200 [8ms]
2026-05-25 17:39:33,295 | INFO    | GET     /events                                  200 [1ms]
2026-05-25 17:40:39,476 | INFO    | GET     /events                                  200 [1ms]
2026-05-25 17:40:55,585 | INFO    | GET     /events                                  200 [1ms]
2026-05-25 17:40:55,893 | INFO    | GET     /events                                  200 [1ms]
2026-05-25 17:40:57,448 | INFO    | GET     /feed                                    200 [44ms]
2026-05-25 17:40:58,544 | INFO    | GET     /categories/                             200 [5ms]
2026-05-25 17:40:58,569 | INFO    | GET     /tickets/                                200 [14ms]
2026-05-25 17:41:00,502 | INFO    | GET     /tickets/                                200 [32ms]
2026-05-25 17:41:00,675 | INFO    | GET     /categories/                             200 [5ms]
2026-05-25 17:41:00,702 | INFO    | GET     /tickets/                                200 [10ms]
2026-05-25 17:41:02,007 | INFO    | GET     /tickets/                                200 [9ms]
2026-05-25 17:41:02,203 | INFO    | GET     /categories/                             200 [3ms]
2026-05-25 17:41:02,218 | INFO    | GET     /tickets/                                200 [6ms]
2026-05-25 17:41:03,907 | INFO    | GET     /categories/                             200 [3ms]
2026-05-25 17:41:03,926 | INFO    | GET     /tickets/                                200 [6ms]
2026-05-25 17:41:07,088 | INFO    | GET     /categories/                             200 [5ms]
2026-05-25 17:41:07,114 | INFO    | GET     /tickets/                                200 [16ms]
2026-05-25 17:41:07,302 | INFO    | GET     /tickets/                                200 [6ms]
2026-05-25 17:41:08,504 | INFO    | GET     /categories/                             200 [4ms]
2026-05-25 17:41:08,519 | INFO    | GET     /tickets/                                200 [5ms]
2026-05-25 17:41:08,601 | INFO    | GET     /tickets/                                200 [4ms]
2026-05-25 17:41:09,351 | INFO    | GET     /categories/                             200 [4ms]
2026-05-25 17:41:09,369 | INFO    | GET     /tickets/                                200 [7ms]
2026-05-25 17:41:09,441 | INFO    | GET     /tickets/                                200 [5ms]
2026-05-25 17:41:10,129 | INFO    | GET     /categories/                             200 [4ms]
2026-05-25 17:41:10,142 | INFO    | GET     /tickets/                                200 [5ms]
2026-05-25 17:41:10,219 | INFO    | GET     /tickets/                                200 [6ms]
2026-05-25 17:41:10,913 | INFO    | GET     /categories/                             200 [3ms]
2026-05-25 17:41:10,928 | INFO    | GET     /tickets/                                200 [5ms]
2026-05-25 17:41:11,003 | INFO    | GET     /tickets/                                200 [6ms]
2026-05-25 17:41:11,782 | INFO    | GET     /feed                                    200 [8ms]
2026-05-25 17:41:14,024 | INFO    | GET     /categories/                             200 [3ms]
2026-05-25 17:41:14,042 | INFO    | GET     /tickets/                                200 [5ms]
2026-05-25 17:41:15,516 | INFO    | GET     /categories/                             200 [4ms]
2026-05-25 17:41:15,536 | INFO    | GET     /tickets/                                200 [7ms]
2026-05-25 17:41:16,591 | INFO    | GET     /categories/                             200 [3ms]
2026-05-25 17:41:16,606 | INFO    | GET     /tickets/                                200 [5ms]
2026-05-25 17:41:25,546 | INFO    | POST    /auth/login                              200 [293ms]
2026-05-25 17:41:25,584 | INFO    | GET     /auth/me                                 200 [24ms]
2026-05-25 17:41:25,601 | INFO    | GET     /messages/conversations                  200 [43ms]
2026-05-25 17:41:25,830 | INFO    | GET     /categories/                             200 [13ms]
2026-05-25 17:41:25,856 | INFO    | GET     /tickets/                                200 [8ms]
2026-05-25 17:41:28,568 | INFO    | GET     /messages/conversations                  200 [9ms]
2026-05-25 17:41:29,519 | INFO    | GET     /categories/                             200 [5ms]
2026-05-25 17:41:29,547 | INFO    | GET     /users/                                  200 [12ms]
2026-05-25 17:41:31,576 | INFO    | GET     /messages/conversations                  200 [5ms]
2026-05-25 17:41:34,561 | INFO    | GET     /messages/conversations                  200 [5ms]
2026-05-25 17:41:34,648 | INFO    | GET     /feed                                    200 [8ms]
2026-05-25 17:41:35,155 | INFO    | GET     /tickets/                                200 [7ms]
2026-05-25 17:41:35,168 | INFO    | GET     /tickets/                                200 [5ms]
2026-05-25 17:41:35,189 | INFO    | GET     /tickets/                                200 [8ms]
2026-05-25 17:41:35,203 | INFO    | GET     /tickets/                                200 [6ms]
2026-05-25 17:41:35,220 | INFO    | GET     /tickets/                                200 [6ms]
2026-05-25 17:41:35,241 | INFO    | GET     /tickets/                                200 [5ms]
2026-05-25 17:41:35,260 | INFO    | GET     /tickets/                                200 [9ms]
2026-05-25 17:41:35,273 | INFO    | GET     /tickets/                                200 [5ms]
2026-05-25 17:41:35,286 | INFO    | GET     /tickets/                                200 [5ms]
2026-05-25 17:41:35,300 | INFO    | GET     /tickets/                                200 [5ms]
2026-05-25 17:41:36,536 | INFO    | GET     /admin/users/audit                       200 [6ms]
2026-05-25 17:41:37,566 | INFO    | GET     /messages/conversations                  200 [6ms]
2026-05-25 17:41:39,370 | INFO    | GET     /tickets/                                200 [6ms]
2026-05-25 17:41:39,385 | INFO    | GET     /tickets/                                200 [6ms]
2026-05-25 17:41:39,399 | INFO    | GET     /tickets/                                200 [6ms]
2026-05-25 17:41:39,414 | INFO    | GET     /tickets/                                200 [6ms]
2026-05-25 17:41:39,429 | INFO    | GET     /tickets/                                200 [7ms]
2026-05-25 17:41:39,445 | INFO    | GET     /tickets/                                200 [7ms]
2026-05-25 17:41:39,459 | INFO    | GET     /tickets/                                200 [6ms]
2026-05-25 17:41:39,473 | INFO    | GET     /tickets/                                200 [6ms]
2026-05-25 17:41:39,489 | INFO    | GET     /tickets/                                200 [7ms]
2026-05-25 17:41:39,504 | INFO    | GET     /tickets/                                200 [6ms]
2026-05-25 17:41:40,213 | INFO    | GET     /categories/                             200 [6ms]
2026-05-25 17:41:40,233 | INFO    | GET     /tickets/                                200 [8ms]
2026-05-25 17:41:40,565 | INFO    | GET     /messages/conversations                  200 [6ms]
2026-05-25 17:41:42,330 | INFO    | GET     /categories/                             200 [5ms]
2026-05-25 17:41:42,348 | INFO    | GET     /tickets/                                200 [7ms]
2026-05-25 17:41:42,427 | INFO    | GET     /tickets/                                200 [6ms]
2026-05-25 17:41:43,382 | INFO    | GET     /categories/                             200 [7ms]
2026-05-25 17:41:43,408 | INFO    | GET     /tickets/                                200 [10ms]
2026-05-25 17:41:43,472 | INFO    | GET     /tickets/                                200 [9ms]
2026-05-25 17:41:43,568 | INFO    | GET     /messages/conversations                  200 [6ms]
2026-05-25 17:41:46,575 | INFO    | GET     /messages/conversations                  200 [5ms]
2026-05-25 17:41:49,563 | INFO    | GET     /messages/conversations                  200 [5ms]
2026-05-25 17:41:52,563 | INFO    | GET     /messages/conversations                  200 [5ms]
2026-05-25 17:41:55,567 | INFO    | GET     /messages/conversations                  200 [5ms]
2026-05-25 17:41:58,575 | INFO    | GET     /messages/conversations                  200 [6ms]
2026-05-25 17:42:01,574 | INFO    | GET     /messages/conversations                  200 [7ms]
2026-05-25 17:42:04,574 | INFO    | GET     /messages/conversations                  200 [5ms]
2026-05-25 17:42:07,567 | INFO    | GET     /messages/conversations                  200 [6ms]
2026-05-25 17:42:11,303 | INFO    | GET     /messages/conversations                  200 [10ms]
2026-05-25 17:42:13,569 | INFO    | GET     /messages/conversations                  200 [5ms]
2026-05-25 17:42:17,317 | INFO    | GET     /messages/conversations                  200 [11ms]
2026-05-25 17:42:20,313 | INFO    | GET     /messages/conversations                  200 [8ms]
2026-05-25 17:42:23,307 | INFO    | GET     /messages/conversations                  200 [9ms]
2026-05-25 17:42:26,307 | INFO    | GET     /messages/conversations                  200 [8ms]
2026-05-25 17:42:29,318 | INFO    | GET     /messages/conversations                  200 [8ms]
2026-05-25 17:42:32,308 | INFO    | GET     /messages/conversations                  200 [7ms]
2026-05-25 17:42:35,321 | INFO    | GET     /messages/conversations                  200 [10ms]
2026-05-25 17:42:38,308 | INFO    | GET     /messages/conversations                  200 [6ms]
2026-05-25 17:42:41,309 | INFO    | GET     /messages/conversations                  200 [7ms]
2026-05-25 17:42:44,298 | INFO    | GET     /messages/conversations                  200 [6ms]
2026-05-25 17:42:47,308 | INFO    | GET     /messages/conversations                  200 [6ms]
2026-05-25 17:42:48,901 | INFO    | GET     /events                                  200 [6ms]
2026-05-25 17:42:48,919 | INFO    | GET     /messages/conversations                  200 [38ms]
2026-05-25 17:42:48,925 | INFO    | GET     /auth/me                                 200 [39ms]
2026-05-25 17:42:48,937 | INFO    | GET     /auth/me                                 200 [4ms]
2026-05-25 17:42:48,943 | INFO    | GET     /friends                                 200 [56ms]
2026-05-25 17:42:48,944 | INFO    | GET     /friends/requests                        200 [58ms]
2026-05-25 17:42:48,976 | INFO    | GET     /categories/                             200 [8ms]
2026-05-25 17:42:49,003 | INFO    | GET     /tickets/                                200 [9ms]
2026-05-25 17:42:49,863 | INFO    | GET     /categories/                             200 [4ms]
2026-05-25 17:42:49,880 | INFO    | GET     /tickets/                                200 [8ms]
2026-05-25 17:42:50,094 | INFO    | GET     /tickets/                                200 [9ms]
2026-05-25 17:42:50,756 | INFO    | GET     /categories/                             200 [6ms]
2026-05-25 17:42:50,775 | INFO    | GET     /tickets/                                200 [6ms]
2026-05-25 17:42:50,848 | INFO    | GET     /tickets/                                200 [8ms]
2026-05-25 17:42:51,385 | INFO    | GET     /categories/                             200 [6ms]
2026-05-25 17:42:51,400 | INFO    | GET     /tickets/                                200 [7ms]
2026-05-25 17:42:51,473 | INFO    | GET     /tickets/                                200 [6ms]
2026-05-25 17:42:52,318 | INFO    | GET     /messages/conversations                  200 [12ms]
2026-05-25 17:42:55,308 | INFO    | GET     /messages/conversations                  200 [6ms]
2026-05-25 17:42:58,309 | INFO    | GET     /messages/conversations                  200 [5ms]
2026-05-25 17:43:01,301 | INFO    | GET     /messages/conversations                  200 [7ms]
2026-05-25 17:43:04,309 | INFO    | GET     /messages/conversations                  200 [5ms]
2026-05-25 17:43:06,886 | INFO    | GET     /messages/conversations                  200 [5ms]
2026-05-25 17:43:08,934 | INFO    | GET     /friends/requests                        200 [9ms]
2026-05-25 17:43:08,940 | INFO    | GET     /friends                                 200 [16ms]
2026-05-25 17:43:09,891 | INFO    | GET     /messages/conversations                  200 [7ms]
2026-05-25 17:43:11,078 | INFO    | GET     /feed                                    200 [12ms]
2026-05-25 17:43:11,442 | INFO    | GET     /categories/                             200 [6ms]
2026-05-25 17:43:11,471 | INFO    | GET     /tickets/                                200 [7ms]
2026-05-25 17:43:11,740 | INFO    | GET     /tickets/                                200 [8ms]
2026-05-25 17:43:11,758 | INFO    | GET     /tickets/                                200 [7ms]
2026-05-25 17:43:11,774 | INFO    | GET     /tickets/                                200 [6ms]
2026-05-25 17:43:11,788 | INFO    | GET     /tickets/                                200 [6ms]
2026-05-25 17:43:11,806 | INFO    | GET     /tickets/                                200 [7ms]
2026-05-25 17:43:11,821 | INFO    | GET     /tickets/                                200 [6ms]
2026-05-25 17:43:11,836 | INFO    | GET     /tickets/                                200 [6ms]
2026-05-25 17:43:11,854 | INFO    | GET     /tickets/                                200 [8ms]
2026-05-25 17:43:11,871 | INFO    | GET     /tickets/                                200 [7ms]
2026-05-25 17:43:11,889 | INFO    | GET     /tickets/                                200 [8ms]
2026-05-25 17:43:12,369 | INFO    | GET     /admin/users/audit                       200 [6ms]
2026-05-25 17:43:12,896 | INFO    | GET     /messages/conversations                  200 [8ms]
2026-05-25 17:43:16,305 | INFO    | GET     /messages/conversations                  200 [9ms]
2026-05-25 17:43:19,303 | INFO    | GET     /messages/conversations                  200 [10ms]
2026-05-25 17:43:22,304 | INFO    | GET     /messages/conversations                  200 [6ms]
2026-05-25 17:43:25,318 | INFO    | GET     /messages/conversations                  200 [7ms]
2026-05-25 17:43:29,477 | INFO    | GET     /events                                  200 [0ms]
2026-05-25 17:43:31,300 | INFO    | GET     /messages/conversations                  200 [7ms]
2026-05-25 17:43:34,310 | INFO    | GET     /messages/conversations                  200 [10ms]
2026-05-25 17:43:36,786 | INFO    | GET     /events                                  200 [2ms]
2026-05-25 17:43:36,797 | INFO    | GET     /messages/conversations                  200 [36ms]
2026-05-25 17:43:36,799 | INFO    | GET     /friends                                 200 [37ms]
2026-05-25 17:43:36,801 | INFO    | GET     /auth/me                                 200 [21ms]
2026-05-25 17:43:36,805 | INFO    | GET     /friends/requests                        200 [40ms]
2026-05-25 17:43:36,816 | INFO    | GET     /auth/me                                 200 [5ms]
2026-05-25 17:43:36,877 | INFO    | GET     /admin/users/audit                       200 [15ms]
2026-05-25 17:43:37,119 | INFO    | GET     /events                                  200 [3ms]
2026-05-25 17:43:37,131 | INFO    | GET     /auth/me                                 200 [22ms]
2026-05-25 17:43:37,133 | INFO    | GET     /friends/requests                        200 [26ms]
2026-05-25 17:43:37,136 | INFO    | GET     /friends                                 200 [29ms]
2026-05-25 17:43:37,140 | INFO    | GET     /messages/conversations                  200 [34ms]
2026-05-25 17:43:37,157 | INFO    | GET     /auth/me                                 200 [5ms]
2026-05-25 17:43:37,211 | INFO    | GET     /admin/users/audit                       200 [8ms]
2026-05-25 17:43:37,762 | INFO    | GET     /feed                                    200 [14ms]
2026-05-25 17:43:38,630 | INFO    | GET     /categories/                             200 [7ms]
2026-05-25 17:43:38,654 | INFO    | GET     /tickets/                                200 [9ms]
2026-05-25 17:43:40,104 | INFO    | GET     /messages/conversations                  200 [6ms]
2026-05-25 17:43:40,233 | INFO    | GET     /categories/                             200 [4ms]
2026-05-25 17:43:40,250 | INFO    | GET     /tickets/                                200 [7ms]
2026-05-25 17:43:40,383 | INFO    | GET     /tickets/                                200 [9ms]
2026-05-25 17:43:41,047 | INFO    | GET     /categories/                             200 [6ms]
2026-05-25 17:43:41,066 | INFO    | GET     /tickets/                                200 [6ms]
2026-05-25 17:43:41,141 | INFO    | GET     /tickets/                                200 [6ms]
2026-05-25 17:43:41,672 | INFO    | GET     /categories/                             200 [6ms]
2026-05-25 17:43:41,691 | INFO    | GET     /tickets/                                200 [10ms]
2026-05-25 17:43:41,761 | INFO    | GET     /tickets/                                200 [8ms]
2026-05-25 17:43:43,115 | INFO    | GET     /messages/conversations                  200 [7ms]
2026-05-25 17:43:46,115 | INFO    | GET     /messages/conversations                  200 [6ms]
2026-05-25 17:43:49,107 | INFO    | GET     /messages/conversations                  200 [6ms]
2026-05-25 17:43:50,668 | INFO    | GET     /users/search                            200 [8ms]
2026-05-25 17:43:50,671 | INFO    | GET     /tickets/                                200 [11ms]
2026-05-25 17:43:52,111 | INFO    | GET     /messages/conversations                  200 [6ms]
2026-05-25 17:43:55,117 | INFO    | GET     /messages/conversations                  200 [6ms]
2026-05-25 17:43:58,107 | INFO    | GET     /messages/conversations                  200 [5ms]
2026-05-25 17:44:01,113 | INFO    | GET     /messages/conversations                  200 [5ms]
2026-05-25 17:44:04,111 | INFO    | GET     /messages/conversations                  200 [4ms]
2026-05-25 17:44:07,109 | INFO    | GET     /messages/conversations                  200 [7ms]
2026-05-25 17:44:10,117 | INFO    | GET     /messages/conversations                  200 [5ms]
2026-05-25 17:44:11,248 | INFO    | GET     /users/8/profile                         200 [53ms]
2026-05-25 17:44:13,104 | INFO    | GET     /messages/conversations                  200 [7ms]
2026-05-25 17:44:15,418 | INFO    | GET     /feed                                    200 [8ms]
2026-05-25 17:44:15,765 | INFO    | GET     /categories/                             200 [5ms]
2026-05-25 17:44:15,787 | INFO    | GET     /tickets/                                200 [8ms]
2026-05-25 17:44:16,035 | INFO    | GET     /tickets/                                200 [6ms]
2026-05-25 17:44:16,057 | INFO    | GET     /tickets/                                200 [9ms]
2026-05-25 17:44:16,072 | INFO    | GET     /tickets/                                200 [4ms]
2026-05-25 17:44:16,087 | INFO    | GET     /tickets/                                200 [5ms]
2026-05-25 17:44:16,104 | INFO    | GET     /tickets/                                200 [9ms]
2026-05-25 17:44:16,108 | INFO    | GET     /messages/conversations                  200 [8ms]
2026-05-25 17:44:16,120 | INFO    | GET     /tickets/                                200 [5ms]
2026-05-25 17:44:16,132 | INFO    | GET     /tickets/                                200 [5ms]
2026-05-25 17:44:16,146 | INFO    | GET     /tickets/                                200 [5ms]
2026-05-25 17:44:16,160 | INFO    | GET     /tickets/                                200 [4ms]
2026-05-25 17:44:16,174 | INFO    | GET     /tickets/                                200 [6ms]
2026-05-25 17:44:19,114 | INFO    | GET     /messages/conversations                  200 [5ms]
2026-05-25 17:44:22,309 | INFO    | GET     /messages/conversations                  200 [9ms]
2026-05-25 17:44:25,312 | INFO    | GET     /messages/conversations                  200 [7ms]
2026-05-25 17:44:28,302 | INFO    | GET     /messages/conversations                  200 [7ms]
2026-05-25 17:44:31,315 | INFO    | GET     /messages/conversations                  200 [8ms]
2026-05-25 17:44:34,321 | INFO    | GET     /messages/conversations                  200 [11ms]
2026-05-25 17:44:37,306 | INFO    | GET     /messages/conversations                  200 [5ms]
2026-05-25 17:44:40,305 | INFO    | GET     /messages/conversations                  200 [8ms]
2026-05-25 17:44:43,306 | INFO    | GET     /messages/conversations                  200 [9ms]
2026-05-25 17:44:46,309 | INFO    | GET     /messages/conversations                  200 [8ms]
2026-05-25 17:44:49,314 | INFO    | GET     /messages/conversations                  200 [10ms]
2026-05-25 17:44:52,310 | INFO    | GET     /messages/conversations                  200 [11ms]
2026-05-25 17:44:55,297 | INFO    | GET     /messages/conversations                  200 [5ms]
2026-05-25 17:44:58,313 | INFO    | GET     /messages/conversations                  200 [9ms]
2026-05-25 17:45:03,235 | INFO    | GET     /events                                  200 [1ms]
2026-05-25 17:45:04,315 | INFO    | GET     /messages/conversations                  200 [10ms]
2026-05-25 17:45:07,302 | INFO    | GET     /messages/conversations                  200 [8ms]
2026-05-25 17:45:10,494 | INFO    | GET     /events                                  200 [17ms]
2026-05-25 17:45:10,503 | INFO    | GET     /messages/conversations                  200 [36ms]
2026-05-25 17:45:10,513 | INFO    | GET     /friends                                 200 [44ms]
2026-05-25 17:45:10,515 | INFO    | GET     /auth/me                                 200 [17ms]
2026-05-25 17:45:10,519 | INFO    | GET     /friends/requests                        200 [43ms]
2026-05-25 17:45:10,530 | INFO    | GET     /auth/me                                 200 [4ms]
2026-05-25 17:45:10,585 | INFO    | GET     /tickets/                                200 [11ms]
2026-05-25 17:45:10,631 | INFO    | GET     /tickets/                                200 [10ms]
2026-05-25 17:45:10,654 | INFO    | GET     /tickets/                                200 [6ms]
2026-05-25 17:45:10,669 | INFO    | GET     /tickets/                                200 [6ms]
2026-05-25 17:45:10,686 | INFO    | GET     /tickets/                                200 [6ms]
2026-05-25 17:45:10,702 | INFO    | GET     /tickets/                                200 [7ms]
2026-05-25 17:45:10,724 | INFO    | GET     /tickets/                                200 [6ms]
2026-05-25 17:45:10,745 | INFO    | GET     /tickets/                                200 [7ms]
2026-05-25 17:45:10,763 | INFO    | GET     /tickets/                                200 [8ms]
2026-05-25 17:45:10,778 | INFO    | GET     /tickets/                                200 [6ms]
2026-05-25 17:45:13,465 | INFO    | GET     /messages/conversations                  200 [6ms]
2026-05-25 17:45:15,671 | INFO    | GET     /categories/                             200 [5ms]
2026-05-25 17:45:15,693 | INFO    | GET     /tickets/                                200 [9ms]
2026-05-25 17:45:16,463 | INFO    | GET     /messages/conversations                  200 [7ms]
2026-05-25 17:45:16,622 | INFO    | GET     /categories/                             200 [4ms]
2026-05-25 17:45:16,639 | INFO    | GET     /tickets/                                200 [7ms]
2026-05-25 17:45:16,707 | INFO    | GET     /tickets/                                200 [6ms]
2026-05-25 17:45:20,309 | INFO    | GET     /messages/conversations                  200 [8ms]
2026-05-25 17:45:23,305 | INFO    | GET     /messages/conversations                  200 [7ms]
2026-05-25 17:45:26,310 | INFO    | GET     /messages/conversations                  200 [5ms]
2026-05-25 17:45:29,301 | INFO    | GET     /messages/conversations                  200 [6ms]
2026-05-25 17:45:32,310 | INFO    | GET     /messages/conversations                  200 [7ms]
2026-05-25 17:45:35,308 | INFO    | GET     /messages/conversations                  200 [6ms]
2026-05-25 17:45:38,307 | INFO    | GET     /messages/conversations                  200 [8ms]
2026-05-25 17:45:40,581 | INFO    | GET     /messages/conversations                  200 [12ms]
2026-05-25 17:45:42,518 | INFO    | GET     /categories/                             200 [8ms]
2026-05-25 17:45:42,576 | INFO    | GET     /tickets/                                200 [41ms]
2026-05-25 17:45:42,639 | INFO    | GET     /tickets/                                200 [29ms]
2026-05-25 17:45:43,470 | INFO    | GET     /messages/conversations                  200 [9ms]
2026-05-25 17:45:43,570 | INFO    | GET     /categories/                             200 [8ms]
2026-05-25 17:45:43,619 | INFO    | GET     /tickets/                                200 [24ms]
2026-05-25 17:45:43,843 | INFO    | GET     /tickets/                                200 [18ms]
2026-05-25 17:45:44,111 | INFO    | GET     /categories/                             200 [17ms]
2026-05-25 17:45:44,146 | INFO    | GET     /tickets/                                200 [10ms]
2026-05-25 17:45:44,381 | INFO    | GET     /tickets/                                200 [10ms]
2026-05-25 17:45:45,099 | INFO    | GET     /tickets/                                200 [14ms]
2026-05-25 17:45:45,463 | INFO    | GET     /tickets/                                200 [34ms]
2026-05-25 17:45:45,648 | INFO    | GET     /categories/                             200 [8ms]
2026-05-25 17:45:45,745 | INFO    | GET     /tickets/                                200 [10ms]
2026-05-25 17:45:45,859 | INFO    | GET     /tickets/                                200 [26ms]
2026-05-25 17:45:46,052 | INFO    | GET     /categories/                             200 [11ms]
2026-05-25 17:45:46,098 | INFO    | GET     /tickets/                                200 [18ms]
2026-05-25 17:45:46,480 | INFO    | GET     /messages/conversations                  200 [20ms]
2026-05-25 17:45:46,683 | INFO    | GET     /tickets/                                200 [22ms]
2026-05-25 17:45:46,881 | INFO    | GET     /categories/                             200 [6ms]
2026-05-25 17:45:46,903 | INFO    | GET     /tickets/                                200 [10ms]
2026-05-25 17:45:47,713 | INFO    | GET     /tickets/                                200 [20ms]
2026-05-25 17:45:47,909 | INFO    | GET     /categories/                             200 [7ms]
2026-05-25 17:45:47,929 | INFO    | GET     /tickets/                                200 [7ms]
2026-05-25 17:45:48,759 | INFO    | GET     /tickets/                                200 [12ms]
2026-05-25 17:45:48,964 | INFO    | GET     /categories/                             200 [6ms]
2026-05-25 17:45:48,984 | INFO    | GET     /tickets/                                200 [9ms]
2026-05-25 17:45:49,424 | INFO    | GET     /tickets/                                200 [11ms]
2026-05-25 17:45:49,472 | INFO    | GET     /messages/conversations                  200 [11ms]
2026-05-25 17:45:49,647 | INFO    | GET     /categories/                             200 [6ms]
2026-05-25 17:45:49,672 | INFO    | GET     /tickets/                                200 [10ms]
2026-05-25 17:45:50,049 | INFO    | GET     /tickets/                                200 [12ms]
2026-05-25 17:45:50,250 | INFO    | GET     /categories/                             200 [7ms]
2026-05-25 17:45:50,271 | INFO    | GET     /tickets/                                200 [7ms]
2026-05-25 17:45:51,452 | INFO    | GET     /feed                                    200 [9ms]
2026-05-25 17:45:51,902 | INFO    | GET     /categories/                             200 [6ms]
2026-05-25 17:45:51,924 | INFO    | GET     /tickets/                                200 [8ms]
2026-05-25 17:45:52,462 | INFO    | GET     /tickets/                                200 [11ms]
2026-05-25 17:45:52,473 | INFO    | GET     /messages/conversations                  200 [13ms]
2026-05-25 17:45:52,484 | INFO    | GET     /tickets/                                200 [7ms]
2026-05-25 17:45:52,502 | INFO    | GET     /tickets/                                200 [7ms]
2026-05-25 17:45:52,524 | INFO    | GET     /tickets/                                200 [9ms]
2026-05-25 17:45:52,541 | INFO    | GET     /tickets/                                200 [7ms]
2026-05-25 17:45:52,563 | INFO    | GET     /tickets/                                200 [9ms]
2026-05-25 17:45:52,581 | INFO    | GET     /tickets/                                200 [7ms]
2026-05-25 17:45:52,598 | INFO    | GET     /tickets/                                200 [7ms]
2026-05-25 17:45:52,614 | INFO    | GET     /tickets/                                200 [7ms]
2026-05-25 17:45:52,629 | INFO    | GET     /tickets/                                200 [6ms]
2026-05-25 17:45:52,859 | INFO    | GET     /admin/users/audit                       200 [4ms]
2026-05-25 17:45:53,382 | INFO    | GET     /admin/users/audit                       200 [4ms]
2026-05-25 17:45:53,699 | INFO    | GET     /admin/users/audit                       200 [10ms]
2026-05-25 17:45:54,948 | INFO    | GET     /admin/users/audit                       200 [6ms]
2026-05-25 17:45:55,461 | INFO    | GET     /messages/conversations                  200 [6ms]
2026-05-25 17:45:58,486 | INFO    | GET     /messages/conversations                  200 [12ms]
2026-05-25 17:45:58,625 | INFO    | GET     /auth/me                                 200 [4ms]
2026-05-25 17:45:58,642 | INFO    | GET     /auth/me/tickets                         200 [5ms]
2026-05-25 17:45:58,665 | INFO    | GET     /subscriptions                           200 [12ms]
2026-05-25 17:45:58,693 | INFO    | GET     /users/1/following                       200 [16ms]
2026-05-25 17:45:58,722 | INFO    | GET     /auth/1/avatar                           404 [6ms]
2026-05-25 17:46:01,466 | INFO    | GET     /messages/conversations                  200 [6ms]
2026-05-25 17:46:02,240 | INFO    | POST    /auth/me/avatar                          200 [67ms]
2026-05-25 17:46:02,274 | INFO    | GET     /auth/1/avatar                           200 [20ms]
2026-05-25 17:46:04,467 | INFO    | GET     /messages/conversations                  200 [9ms]
2026-05-25 17:46:07,464 | INFO    | GET     /messages/conversations                  200 [8ms]
2026-05-25 17:46:07,490 | INFO    | GET     /friends/requests                        200 [11ms]
2026-05-25 17:46:07,493 | INFO    | GET     /friends                                 200 [15ms]
2026-05-25 17:46:10,654 | INFO    | GET     /messages/conversations                  200 [13ms]
2026-05-25 17:46:13,468 | INFO    | GET     /messages/conversations                  200 [9ms]
2026-05-25 17:46:16,470 | INFO    | GET     /messages/conversations                  200 [8ms]
2026-05-25 17:46:17,786 | INFO    | GET     /categories/                             200 [7ms]
2026-05-25 17:46:17,808 | INFO    | GET     /tickets/                                200 [8ms]
2026-05-25 17:46:19,462 | INFO    | GET     /messages/conversations                  200 [7ms]
2026-05-25 17:46:22,462 | INFO    | GET     /messages/conversations                  200 [6ms]
2026-05-25 17:46:24,843 | INFO    | GET     /categories/                             200 [7ms]
2026-05-25 17:46:24,868 | INFO    | GET     /tickets/                                200 [8ms]
2026-05-25 17:46:25,465 | INFO    | GET     /messages/conversations                  200 [7ms]
2026-05-25 17:46:37,372 | INFO    | Started server process [9]
2026-05-25 17:46:37,373 | INFO    | Waiting for application startup.
2026-05-25 17:46:37,374 | INFO    | Helpdesk Lite v0.3.0 started
2026-05-25 17:46:37,374 | INFO    | Application startup complete.
2026-05-25 17:46:37,375 | INFO    | Uvicorn running on http://0.0.0.0:8000 (Press CTRL+C to quit)
2026-05-25 17:46:38,342 | INFO    | GET     /messages/conversations                  200 [41ms]
2026-05-25 17:46:41,788 | INFO    | GET     /friends/requests                        200 [51ms]
2026-05-25 17:46:41,793 | INFO    | GET     /friends                                 200 [58ms]
2026-05-25 17:46:41,796 | INFO    | GET     /messages/conversations                  200 [62ms]
2026-05-25 17:46:41,802 | INFO    | GET     /auth/me                                 200 [64ms]
2026-05-25 17:46:41,986 | INFO    | GET     /events                                  200 [1ms]
2026-05-25 17:46:42,001 | INFO    | GET     /auth/me                                 200 [25ms]
2026-05-25 17:46:42,004 | INFO    | GET     /friends                                 200 [35ms]
2026-05-25 17:46:42,006 | INFO    | GET     /friends/requests                        200 [34ms]
2026-05-25 17:46:42,011 | INFO    | GET     /messages/conversations                  200 [43ms]
2026-05-25 17:46:42,028 | INFO    | GET     /auth/me                                 200 [12ms]
2026-05-25 17:46:42,062 | INFO    | GET     /categories/                             200 [9ms]
2026-05-25 17:46:42,093 | INFO    | GET     /tickets/                                200 [17ms]
2026-05-25 17:46:43,639 | INFO    | GET     /categories/                             200 [6ms]
2026-05-25 17:46:43,662 | INFO    | GET     /tickets/                                200 [13ms]
2026-05-25 17:46:43,733 | INFO    | GET     /tickets/                                200 [8ms]
2026-05-25 17:46:44,453 | INFO    | GET     /categories/                             200 [7ms]
2026-05-25 17:46:44,473 | INFO    | GET     /tickets/                                200 [9ms]
2026-05-25 17:46:44,541 | INFO    | GET     /tickets/                                200 [6ms]
2026-05-25 17:46:44,991 | INFO    | GET     /messages/conversations                  200 [9ms]
2026-05-25 17:46:45,138 | INFO    | GET     /categories/                             200 [5ms]
2026-05-25 17:46:45,157 | INFO    | GET     /tickets/                                200 [8ms]
2026-05-25 17:46:45,227 | INFO    | GET     /tickets/                                200 [6ms]
2026-05-25 17:46:46,017 | INFO    | GET     /events                                  200 [2ms]
2026-05-25 17:46:46,033 | INFO    | GET     /auth/me                                 200 [21ms]
2026-05-25 17:46:46,041 | INFO    | GET     /friends/requests                        200 [31ms]
2026-05-25 17:46:46,046 | INFO    | GET     /friends                                 200 [36ms]
2026-05-25 17:46:46,049 | INFO    | GET     /messages/conversations                  200 [40ms]
2026-05-25 17:46:46,060 | INFO    | GET     /auth/me                                 200 [6ms]
2026-05-25 17:46:46,091 | INFO    | GET     /categories/                             200 [7ms]
2026-05-25 17:46:46,118 | INFO    | GET     /tickets/                                200 [10ms]
2026-05-25 17:46:46,985 | INFO    | GET     /categories/                             200 [5ms]
2026-05-25 17:46:47,004 | INFO    | GET     /tickets/                                200 [6ms]
2026-05-25 17:46:47,079 | INFO    | GET     /tickets/                                200 [6ms]
2026-05-25 17:46:48,116 | INFO    | GET     /categories/                             200 [6ms]
2026-05-25 17:46:48,132 | INFO    | GET     /tickets/                                200 [7ms]
2026-05-25 17:46:48,204 | INFO    | GET     /tickets/                                200 [6ms]
2026-05-25 17:46:49,020 | INFO    | GET     /messages/conversations                  200 [7ms]
2026-05-25 17:46:52,313 | INFO    | GET     /messages/conversations                  200 [13ms]
2026-05-25 17:46:55,308 | INFO    | GET     /messages/conversations                  200 [6ms]
2026-05-25 17:46:58,314 | INFO    | GET     /messages/conversations                  200 [9ms]
2026-05-25 17:47:01,299 | INFO    | GET     /messages/conversations                  200 [6ms]
2026-05-25 17:47:04,311 | INFO    | GET     /messages/conversations                  200 [7ms]
2026-05-25 17:47:07,307 | INFO    | GET     /messages/conversations                  200 [10ms]
2026-05-25 17:47:10,311 | INFO    | GET     /messages/conversations                  200 [7ms]
2026-05-25 17:47:13,305 | INFO    | GET     /messages/conversations                  200 [5ms]
2026-05-25 17:47:16,309 | INFO    | GET     /messages/conversations                  200 [10ms]
2026-05-25 17:47:19,299 | INFO    | GET     /messages/conversations                  200 [8ms]
2026-05-25 17:47:22,297 | INFO    | GET     /messages/conversations                  200 [6ms]
2026-05-25 17:47:25,310 | INFO    | GET     /messages/conversations                  200 [8ms]
2026-05-25 17:47:28,309 | INFO    | GET     /messages/conversations                  200 [9ms]
2026-05-25 17:47:31,305 | INFO    | GET     /messages/conversations                  200 [6ms]
2026-05-25 17:47:34,303 | INFO    | GET     /messages/conversations                  200 [7ms]
2026-05-25 17:47:39,651 | INFO    | GET     /events                                  200 [1ms]
2026-05-25 17:47:40,302 | INFO    | GET     /messages/conversations                  200 [9ms]
2026-05-25 17:47:43,066 | INFO    | GET     /messages/conversations                  200 [12ms]
2026-05-25 17:47:44,772 | INFO    | GET     /events                                  200 [12ms]
2026-05-25 17:47:44,798 | INFO    | GET     /friends/requests                        200 [43ms]
2026-05-25 17:47:44,800 | INFO    | GET     /messages/conversations                  200 [49ms]
2026-05-25 17:47:44,802 | INFO    | GET     /friends                                 200 [49ms]
2026-05-25 17:47:44,804 | INFO    | GET     /auth/me                                 200 [48ms]
2026-05-25 17:47:44,818 | INFO    | GET     /auth/me                                 200 [3ms]
2026-05-25 17:47:44,853 | INFO    | GET     /categories/                             200 [8ms]
2026-05-25 17:47:44,889 | INFO    | GET     /tickets/                                200 [9ms]
2026-05-25 17:47:46,541 | INFO    | GET     /tickets/                                200 [6ms]
2026-05-25 17:47:47,338 | INFO    | GET     /tickets/                                200 [6ms]
2026-05-25 17:47:47,746 | INFO    | GET     /messages/conversations                  200 [6ms]
2026-05-25 17:47:48,435 | INFO    | GET     /tickets/                                200 [6ms]
2026-05-25 17:47:49,543 | INFO    | GET     /tickets/                                200 [16ms]
2026-05-25 17:47:50,180 | INFO    | GET     /tickets/                                200 [18ms]
2026-05-25 17:47:50,747 | INFO    | GET     /messages/conversations                  200 [8ms]
2026-05-25 17:47:51,326 | INFO    | GET     /tickets/                                200 [16ms]
2026-05-25 17:47:51,808 | INFO    | GET     /tickets/                                200 [20ms]
2026-05-25 17:47:52,182 | INFO    | GET     /tickets/                                200 [16ms]
2026-05-25 17:47:52,428 | INFO    | GET     /tickets/                                200 [19ms]
2026-05-25 17:47:53,747 | INFO    | GET     /messages/conversations                  200 [8ms]
2026-05-25 17:47:53,763 | INFO    | GET     /feed                                    200 [13ms]
2026-05-25 17:47:54,323 | INFO    | GET     /categories/                             200 [6ms]
2026-05-25 17:47:54,342 | INFO    | GET     /tickets/                                200 [8ms]
2026-05-25 17:47:54,806 | INFO    | GET     /tickets/                                200 [7ms]
2026-05-25 17:47:54,823 | INFO    | GET     /tickets/                                200 [8ms]
2026-05-25 17:47:54,838 | INFO    | GET     /tickets/                                200 [5ms]
2026-05-25 17:47:54,852 | INFO    | GET     /tickets/                                200 [5ms]
2026-05-25 17:47:54,867 | INFO    | GET     /tickets/                                200 [6ms]
2026-05-25 17:47:54,884 | INFO    | GET     /tickets/                                200 [7ms]
2026-05-25 17:47:54,906 | INFO    | GET     /tickets/                                200 [9ms]
2026-05-25 17:47:54,924 | INFO    | GET     /tickets/                                200 [9ms]
2026-05-25 17:47:54,939 | INFO    | GET     /tickets/                                200 [6ms]
2026-05-25 17:47:54,954 | INFO    | GET     /tickets/                                200 [7ms]
2026-05-25 17:47:56,745 | INFO    | GET     /messages/conversations                  200 [6ms]
2026-05-25 17:47:56,797 | INFO    | GET     /tickets/                                200 [7ms]
2026-05-25 17:47:56,813 | INFO    | GET     /tickets/                                200 [7ms]
2026-05-25 17:47:56,829 | INFO    | GET     /tickets/                                200 [6ms]
2026-05-25 17:47:56,848 | INFO    | GET     /tickets/                                200 [8ms]
2026-05-25 17:47:56,866 | INFO    | GET     /tickets/                                200 [7ms]
2026-05-25 17:47:56,882 | INFO    | GET     /tickets/                                200 [6ms]
2026-05-25 17:47:56,898 | INFO    | GET     /tickets/                                200 [6ms]
2026-05-25 17:47:56,917 | INFO    | GET     /tickets/                                200 [7ms]
2026-05-25 17:47:56,932 | INFO    | GET     /tickets/                                200 [6ms]
2026-05-25 17:47:56,949 | INFO    | GET     /tickets/                                200 [8ms]
2026-05-25 17:47:57,349 | INFO    | GET     /admin/users/audit                       200 [9ms]
2026-05-25 17:48:00,301 | INFO    | GET     /messages/conversations                  200 [6ms]
2026-05-25 17:48:03,309 | INFO    | GET     /messages/conversations                  200 [6ms]
2026-05-25 17:48:06,302 | INFO    | GET     /messages/conversations                  200 [7ms]
2026-05-25 17:48:09,313 | INFO    | GET     /messages/conversations                  200 [8ms]
2026-05-25 17:48:12,298 | INFO    | GET     /messages/conversations                  200 [7ms]
2026-05-25 17:48:15,302 | INFO    | GET     /messages/conversations                  200 [7ms]
2026-05-25 17:48:18,310 | INFO    | GET     /messages/conversations                  200 [8ms]
2026-05-25 17:48:21,302 | INFO    | GET     /messages/conversations                  200 [7ms]
2026-05-25 17:48:24,302 | INFO    | GET     /messages/conversations                  200 [7ms]
2026-05-25 17:48:27,311 | INFO    | GET     /messages/conversations                  200 [6ms]
2026-05-25 17:48:30,323 | INFO    | GET     /messages/conversations                  200 [12ms]
2026-05-25 17:48:33,303 | INFO    | GET     /messages/conversations                  200 [8ms]
2026-05-25 17:48:36,309 | INFO    | GET     /messages/conversations                  200 [7ms]
2026-05-25 17:48:38,937 | INFO    | GET     /messages/conversations                  200 [12ms]
2026-05-25 17:48:41,753 | INFO    | GET     /messages/conversations                  200 [5ms]
2026-05-25 17:48:45,310 | INFO    | GET     /messages/conversations                  200 [6ms]
2026-05-25 17:48:48,311 | INFO    | GET     /messages/conversations                  200 [7ms]
2026-05-25 17:48:51,309 | INFO    | GET     /messages/conversations                  200 [6ms]
2026-05-25 17:48:54,298 | INFO    | GET     /messages/conversations                  200 [8ms]
2026-05-25 17:48:57,309 | INFO    | GET     /messages/conversations                  200 [6ms]
2026-05-25 17:48:59,744 | INFO    | GET     /messages/conversations                  200 [6ms]
2026-05-25 17:49:00,349 | INFO    | GET     /auth/me                                 200 [5ms]
2026-05-25 17:49:00,368 | INFO    | GET     /auth/me/tickets                         200 [8ms]
2026-05-25 17:49:00,388 | INFO    | GET     /subscriptions                           200 [9ms]
2026-05-25 17:49:00,410 | INFO    | GET     /users/1/following                       200 [11ms]
2026-05-25 17:49:00,433 | INFO    | GET     /auth/1/avatar                           200 [9ms]
2026-05-25 17:49:02,190 | INFO    | GET     /categories/                             200 [5ms]
2026-05-25 17:49:02,209 | INFO    | GET     /tickets/                                200 [7ms]
2026-05-25 17:49:02,744 | INFO    | GET     /messages/conversations                  200 [5ms]
2026-05-25 17:49:03,003 | INFO    | GET     /tickets/                                200 [7ms]
2026-05-25 17:49:03,018 | INFO    | GET     /tickets/                                200 [7ms]
2026-05-25 17:49:03,037 | INFO    | GET     /tickets/                                200 [9ms]
2026-05-25 17:49:03,052 | INFO    | GET     /tickets/                                200 [5ms]
2026-05-25 17:49:03,067 | INFO    | GET     /tickets/                                200 [6ms]
2026-05-25 17:49:03,083 | INFO    | GET     /tickets/                                200 [6ms]
2026-05-25 17:49:03,098 | INFO    | GET     /tickets/                                200 [6ms]
2026-05-25 17:49:03,116 | INFO    | GET     /tickets/                                200 [7ms]
2026-05-25 17:49:03,133 | INFO    | GET     /tickets/                                200 [7ms]
2026-05-25 17:49:03,151 | INFO    | GET     /tickets/                                200 [5ms]
2026-05-25 17:49:06,305 | INFO    | GET     /messages/conversations                  200 [6ms]
2026-05-25 17:49:08,439 | INFO    | GET     /admin/users/audit                       401 [1ms]
2026-05-25 17:49:09,304 | INFO    | GET     /messages/conversations                  200 [8ms]
2026-05-25 17:49:12,310 | INFO    | GET     /messages/conversations                  200 [9ms]
2026-05-25 17:49:13,049 | INFO    | GET     /admin/users/audit                       401 [3ms]
2026-05-25 17:49:15,312 | INFO    | GET     /messages/conversations                  200 [8ms]
2026-05-25 17:49:18,313 | INFO    | GET     /messages/conversations                  200 [9ms]
2026-05-25 17:49:21,300 | INFO    | GET     /messages/conversations                  200 [6ms]
2026-05-25 17:49:24,300 | INFO    | GET     /messages/conversations                  200 [7ms]
2026-05-25 17:49:27,306 | INFO    | GET     /messages/conversations                  200 [7ms]
2026-05-25 17:49:30,313 | INFO    | GET     /messages/conversations                  200 [9ms]
2026-05-25 17:49:33,307 | INFO    | GET     /messages/conversations                  200 [7ms]
2026-05-25 17:49:36,301 | INFO    | GET     /messages/conversations                  200 [9ms]
2026-05-25 17:49:39,304 | INFO    | GET     /messages/conversations                  200 [7ms]
2026-05-25 17:49:42,317 | INFO    | GET     /messages/conversations                  200 [10ms]
2026-05-25 17:49:45,313 | INFO    | GET     /messages/conversations                  200 [9ms]
2026-05-25 17:49:47,783 | INFO    | GET     /messages/conversations                  200 [15ms]
2026-05-25 17:49:50,754 | INFO    | GET     /messages/conversations                  200 [7ms]
2026-05-25 17:49:53,758 | INFO    | GET     /messages/conversations                  200 [12ms]
2026-05-25 17:49:55,518 | INFO    | GET     /feed                                    200 [14ms]
2026-05-25 17:49:55,921 | INFO    | GET     /categories/                             200 [7ms]
2026-05-25 17:49:55,983 | INFO    | GET     /tickets/                                200 [11ms]
2026-05-25 17:49:59,654 | INFO    | GET     /events                                  200 [1ms]
2026-05-25 17:49:59,895 | INFO    | GET     /messages/conversations                  200 [12ms]
2026-05-25 17:50:01,345 | INFO    | GET     /events                                  200 [3ms]
2026-05-25 17:50:01,358 | INFO    | GET     /messages/conversations                  200 [29ms]
2026-05-25 17:50:01,362 | INFO    | GET     /auth/me                                 200 [27ms]
2026-05-25 17:50:01,364 | INFO    | GET     /friends                                 200 [34ms]
2026-05-25 17:50:01,374 | INFO    | GET     /friends/requests                        200 [41ms]
2026-05-25 17:50:01,385 | INFO    | GET     /auth/me                                 200 [6ms]
2026-05-25 17:50:01,419 | INFO    | GET     /categories/                             200 [8ms]
2026-05-25 17:50:01,445 | INFO    | GET     /tickets/                                200 [7ms]
2026-05-25 17:50:04,121 | INFO    | GET     /admin/users/audit                       200 [5ms]
2026-05-25 17:50:04,330 | INFO    | GET     /messages/conversations                  200 [8ms]
2026-05-25 17:50:07,341 | INFO    | GET     /messages/conversations                  200 [6ms]
2026-05-25 17:50:10,197 | INFO    | GET     /categories/                             200 [5ms]
2026-05-25 17:50:10,217 | INFO    | GET     /tickets/                                200 [8ms]
2026-05-25 17:50:10,330 | INFO    | GET     /messages/conversations                  200 [7ms]
2026-05-25 17:50:11,119 | INFO    | GET     /categories/                             200 [6ms]
2026-05-25 17:50:11,143 | INFO    | GET     /users/                                  200 [10ms]
2026-05-25 17:50:13,329 | INFO    | GET     /messages/conversations                  200 [6ms]
2026-05-25 17:50:15,562 | INFO    | POST    /tickets/                                201 [34ms]
2026-05-25 17:50:16,091 | INFO    | GET     /tickets/3                               200 [6ms]
2026-05-25 17:50:16,114 | INFO    | GET     /categories/                             200 [11ms]
2026-05-25 17:50:16,121 | INFO    | GET     /users/                                  200 [15ms]
2026-05-25 17:50:16,138 | INFO    | GET     /tickets/3/subscriptions                 200 [6ms]
2026-05-25 17:50:16,155 | INFO    | GET     /tickets/3/attachments                   200 [7ms]
2026-05-25 17:50:16,170 | INFO    | GET     /tickets/3/history                       200 [6ms]
2026-05-25 17:50:16,200 | INFO    | GET     /tickets/3/comments/                     200 [8ms]
2026-05-25 17:50:16,328 | INFO    | GET     /messages/conversations                  200 [7ms]
2026-05-25 17:50:17,074 | INFO    | GET     /admin/users/audit                       200 [5ms]
2026-05-25 17:50:19,327 | INFO    | GET     /messages/conversations                  200 [6ms]
2026-05-25 17:50:20,478 | INFO    | GET     /feed                                    200 [10ms]
2026-05-25 17:50:23,300 | INFO    | GET     /messages/conversations                  200 [7ms]
2026-05-25 17:50:26,314 | INFO    | GET     /messages/conversations                  200 [8ms]
2026-05-25 17:50:29,298 | INFO    | GET     /messages/conversations                  200 [5ms]
2026-05-25 17:50:32,306 | INFO    | GET     /messages/conversations                  200 [5ms]
2026-05-25 17:50:35,301 | INFO    | GET     /messages/conversations                  200 [6ms]
2026-05-25 17:50:37,429 | INFO    | GET     /messages/conversations                  200 [12ms]
2026-05-25 17:50:41,309 | INFO    | GET     /messages/conversations                  200 [6ms]
2026-05-25 17:50:44,301 | INFO    | GET     /messages/conversations                  200 [6ms]
2026-05-25 17:50:47,305 | INFO    | GET     /messages/conversations                  200 [5ms]
2026-05-25 17:50:49,348 | INFO    | GET     /messages/conversations                  200 [12ms]
2026-05-25 17:50:53,305 | INFO    | GET     /messages/conversations                  200 [5ms]
2026-05-25 17:50:56,312 | INFO    | GET     /messages/conversations                  200 [5ms]
2026-05-25 17:50:59,309 | INFO    | GET     /messages/conversations                  200 [6ms]
2026-05-25 17:51:02,300 | INFO    | GET     /messages/conversations                  200 [6ms]
2026-05-25 17:51:05,303 | INFO    | GET     /messages/conversations                  200 [6ms]
2026-05-25 17:51:08,302 | INFO    | GET     /messages/conversations                  200 [8ms]
2026-05-25 17:51:11,298 | INFO    | GET     /messages/conversations                  200 [7ms]
2026-05-25 17:51:14,312 | INFO    | GET     /messages/conversations                  200 [8ms]
2026-05-25 17:51:17,310 | INFO    | GET     /messages/conversations                  200 [7ms]
2026-05-25 17:51:20,306 | INFO    | GET     /messages/conversations                  200 [7ms]
2026-05-25 17:51:23,304 | INFO    | GET     /messages/conversations                  200 [7ms]
2026-05-25 17:51:26,307 | INFO    | GET     /messages/conversations                  200 [6ms]
2026-05-25 17:51:29,299 | INFO    | GET     /messages/conversations                  200 [6ms]
2026-05-25 17:51:32,300 | INFO    | GET     /messages/conversations                  200 [7ms]
2026-05-25 17:51:35,307 | INFO    | GET     /messages/conversations                  200 [6ms]
2026-05-25 17:51:38,314 | INFO    | GET     /messages/conversations                  200 [7ms]
2026-05-25 17:51:41,304 | INFO    | GET     /messages/conversations                  200 [8ms]
2026-05-25 17:51:44,307 | INFO    | GET     /messages/conversations                  200 [5ms]
2026-05-25 17:51:47,301 | INFO    | GET     /messages/conversations                  200 [5ms]
2026-05-25 17:51:50,306 | INFO    | GET     /messages/conversations                  200 [6ms]
2026-05-25 17:51:53,309 | INFO    | GET     /messages/conversations                  200 [5ms]
2026-05-25 17:51:56,309 | INFO    | GET     /messages/conversations                  200 [5ms]
2026-05-25 17:51:59,304 | INFO    | GET     /messages/conversations                  200 [7ms]
2026-05-25 17:52:02,298 | INFO    | GET     /messages/conversations                  200 [6ms]
2026-05-25 17:52:05,306 | INFO    | GET     /messages/conversations                  200 [6ms]
2026-05-25 17:52:08,297 | INFO    | GET     /messages/conversations                  200 [6ms]
2026-05-25 17:52:11,308 | INFO    | GET     /messages/conversations                  200 [8ms]
2026-05-25 17:52:14,309 | INFO    | GET     /messages/conversations                  200 [5ms]
2026-05-25 17:52:17,296 | INFO    | GET     /messages/conversations                  200 [6ms]
2026-05-25 17:52:20,302 | INFO    | GET     /messages/conversations                  200 [7ms]
2026-05-25 17:52:23,302 | INFO    | GET     /messages/conversations                  200 [6ms]
2026-05-25 17:52:26,310 | INFO    | GET     /messages/conversations                  200 [6ms]
2026-05-25 17:52:29,304 | INFO    | GET     /messages/conversations                  200 [6ms]
2026-05-25 17:52:32,304 | INFO    | GET     /messages/conversations                  200 [6ms]
2026-05-25 17:52:35,305 | INFO    | GET     /messages/conversations                  200 [6ms]
2026-05-25 17:52:38,301 | INFO    | GET     /messages/conversations                  200 [6ms]
2026-05-25 17:52:41,310 | INFO    | GET     /messages/conversations                  200 [8ms]
2026-05-25 17:52:43,673 | INFO    | GET     /messages/conversations                  200 [12ms]
2026-05-25 17:52:46,987 | INFO    | GET     /messages/conversations                  200 [12ms]
2026-05-25 17:52:50,315 | INFO    | GET     /messages/conversations                  200 [10ms]
2026-05-25 17:52:53,299 | INFO    | GET     /messages/conversations                  200 [7ms]
2026-05-25 17:52:56,310 | INFO    | GET     /messages/conversations                  200 [11ms]
2026-05-25 17:52:59,319 | INFO    | GET     /messages/conversations                  200 [11ms]
2026-05-25 17:53:02,362 | INFO    | GET     /messages/conversations                  200 [11ms]
2026-05-25 17:53:05,310 | INFO    | GET     /messages/conversations                  200 [9ms]
2026-05-25 17:53:08,308 | INFO    | GET     /messages/conversations                  200 [10ms]
2026-05-25 17:53:11,311 | INFO    | GET     /messages/conversations                  200 [12ms]
2026-05-25 17:53:14,318 | INFO    | GET     /messages/conversations                  200 [11ms]
2026-05-25 17:53:17,311 | INFO    | GET     /messages/conversations                  200 [10ms]
2026-05-25 17:53:20,317 | INFO    | GET     /messages/conversations                  200 [9ms]
2026-05-25 17:53:23,304 | INFO    | GET     /messages/conversations                  200 [7ms]
2026-05-25 17:53:26,304 | INFO    | GET     /messages/conversations                  200 [10ms]
2026-05-25 17:53:29,298 | INFO    | GET     /messages/conversations                  200 [7ms]
2026-05-25 17:53:32,308 | INFO    | GET     /messages/conversations                  200 [8ms]
2026-05-25 17:53:35,314 | INFO    | GET     /messages/conversations                  200 [11ms]
2026-05-25 17:53:38,108 | INFO    | GET     /messages/conversations                  200 [12ms]
2026-05-25 17:53:41,331 | INFO    | GET     /messages/conversations                  200 [28ms]
